2024-07-06 02:11:18 - INFO - GFA file: C:\Users\user\Desktop\Bio_Pip\pip\plaspipe\exemple_input\c_freundii_assembly.gfa
2024-07-06 02:11:18 - INFO - FASTA file: None
2024-07-06 02:11:18 - INFO - gfa_path: C:\Users\user\Desktop\Bio_Pip\pip\plaspipe\exemple_input\c_freundii_assembly.gfa
2024-07-06 02:11:18 - INFO - fasta_path: None
2024-07-06 02:11:18 - INFO - Valid input files: GFA
2024-07-06 02:11:18 - INFO - Converted input file: C:\Users\user\Desktop\Bio_Pip\pip\plaspipe\exemple_input\c_freundii_assembly.gfa
2024-07-06 02:11:18 - INFO - Generating command for plASgraph2 version 2.0.0
2024-07-06 02:11:49 - INFO - classification_tool_result: C:\Users\user\Desktop\Bio_Pip\out\plasgraph_plasbin\plasgraph_plasbin_plASgraph2_2.0.0
2024-07-06 02:11:49 - INFO - Conversion completed. Output file: C:\Users\user\Desktop\Bio_Pip\out\plasgraph_plasbin\plasgraph_plasbin_plASgraph2_2.0.0.csv
2024-07-06 02:11:49 - INFO - CSV file created: C:\Users\user\Desktop\Bio_Pip\out\plasgraph_plasbin\plasgraph_plasbin_plASgraph2_2.0.0.csv
2024-07-06 02:11:49 - INFO - classification_pipeline_result: C:\Users\user\Desktop\Bio_Pip\out\plasgraph_plasbin\plasgraph_plasbin_plASgraph2_2.0.0.csv
2024-07-06 02:11:49 - INFO - binning_tool_result: C:\Users\user\Desktop\Bio_Pip\out\plasgraph_plasbin\plasgraph_plasbin_plasbin_flow_1.0.0
2024-07-06 02:11:49 - INFO - Generating command for plasbin_flow version 1.0.0
2024-07-06 02:12:06 - INFO - GC content file is saved to C:\Users\user\Desktop\Bio_Pip\out\plasgraph_plasbin\exemple1.gc.tsv
2024-07-06 02:12:18 - INFO - Gzziped file c_freundii_assembly.gfa.gz
2024-07-06 02:19:07 - INFO - Conversion completed. Output file: C:\Users\user\Desktop\Bio_Pip\out\plasgraph_plasbin\plasgraph_plasbin_plasbin_flow_1.0.0.csv
2024-07-06 02:19:07 - INFO - binning_pipeline_result: C:\Users\user\Desktop\Bio_Pip\out\plasgraph_plasbin\plasgraph_plasbin_plasbin_flow_1.0.0.csv
2024-07-06 02:19:07 - INFO - classification_output_file: C:\Users\user\Desktop\Bio_Pip\out\plasgraph_plasbin\plasgraph_plasbin_classification_tool_output.csv
2024-07-06 02:19:07 - INFO - binning_output_file: C:\Users\user\Desktop\Bio_Pip\out\plasgraph_plasbin\plasgraph_plasbin_binning_tool_output.csv
2024-07-06 02:19:07 - INFO - Binning results saved to C:\Users\user\Desktop\Bio_Pip\out\plasgraph_plasbin\plasgraph_plasbin_binning_tool_output.csv
2024-07-06 02:19:07 - INFO - Classification results saved to C:\Users\user\Desktop\Bio_Pip\out\plasgraph_plasbin\plasgraph_plasbin_classification_tool_output.csv
